C51 COMPILER V9.01   MAIN                                                                  05/30/2021 14:48:21 PAGE 1   


C51 COMPILER V9.01, COMPILATION OF MODULE MAIN
OBJECT MODULE PLACED IN main.OBJ
COMPILER INVOKED BY: D:\Keil\C51\BIN\C51.EXE main.c BROWSE DEBUG OBJECTEXTEND

line level    source

   1          #include <REGX52.H>
   2          
   3          unsigned char shumaguan[]={0x3F,0x06,0x5B,0x4F,0x66,0x6D,0x7D,0x07,0x7F,0x6F};
   4          
   5          unsigned char i;
   6          
   7          void Init_INTO()
   8          {
   9   1              EA=1;
  10   1              EX0=1;
  11   1              IT0=1;
  12   1      }
  13          
  14          
  15          
  16          
  17          void main()
  18          {
  19   1              Init_INTO();
  20   1              while(1)
  21   1              {
  22   2                      P2=shumaguan[i];
  23   2              }
  24   1      }
  25          
  26          
  27          void Int0() interrupt 0
  28          {
  29   1              i++;
  30   1              if(i>=10) i=0;
  31   1      }
  32          


MODULE INFORMATION:   STATIC OVERLAYABLE
   CODE SIZE        =     41    ----
   CONSTANT SIZE    =   ----    ----
   XDATA SIZE       =   ----    ----
   PDATA SIZE       =   ----    ----
   DATA SIZE        =     11    ----
   IDATA SIZE       =   ----    ----
   BIT SIZE         =   ----    ----
END OF MODULE INFORMATION.


C51 COMPILATION COMPLETE.  0 WARNING(S),  0 ERROR(S)
