C51 COMPILER V9.01   MAIN                                                                  05/30/2021 13:50:05 PAGE 1   


C51 COMPILER V9.01, COMPILATION OF MODULE MAIN
OBJECT MODULE PLACED IN main.OBJ
COMPILER INVOKED BY: D:\Keil\C51\BIN\C51.EXE main.c BROWSE DEBUG OBJECTEXTEND

line level    source

   1          #include <REGX52.H>
   2          
   3          
   4          unsigned char shumaguan[]={0x3F,0x06,0x5B,0x4F,0x66,0x6D,0x7D,0x07,0x7F,0x6F};
   5          
   6          
   7          void Timer0Init(void)           //5000微秒@12.000MHz
   8          {
   9   1              TMOD &= 0xF0;   //设置定时器模式
  10   1              TMOD |= 0x01;   //设置定时器模式
  11   1              TL0 = 0xA0;             //设置定时初始值
  12   1              TH0 = 0x15;             //设置定时初始值
  13   1              TF0 = 0;                //清除TF0标志
  14   1              TR0 = 1;                //定时器0开始计时
  15   1              EA =  1;
  16   1              ET0 = 1;
  17   1      }
  18          
  19          
  20          
  21          
  22          void main()
  23          {
  24   1              Timer0Init();
  25   1              P2=0x3F;
  26   1              while(1)
  27   1              {
  28   2                      
  29   2              }
  30   1      }
  31          
  32          
  33          void Timer0() interrupt 1
  34          {
  35   1              static unsigned int i,count;
  36   1              TL0 = 0xA0;             //设置定时初始值
  37   1              TH0 = 0x15;             //设置定时初始值
  38   1              count++;
  39   1              if(count>=10)
  40   1              {
  41   2                      count=0;
  42   2                      i++; 
  43   2                      P2=shumaguan[i];
  44   2                      if(i>=9) i=0;
  45   2                      
  46   2              }       
  47   1      }
  48          
  49          
  50          
  51          
  52          
  53          


C51 COMPILER V9.01   MAIN                                                                  05/30/2021 13:50:05 PAGE 2   

MODULE INFORMATION:   STATIC OVERLAYABLE
   CODE SIZE        =    105    ----
   CONSTANT SIZE    =   ----    ----
   XDATA SIZE       =   ----    ----
   PDATA SIZE       =   ----    ----
   DATA SIZE        =     14    ----
   IDATA SIZE       =   ----    ----
   BIT SIZE         =   ----    ----
END OF MODULE INFORMATION.


C51 COMPILATION COMPLETE.  0 WARNING(S),  0 ERROR(S)
