C51 COMPILER V9.01   LCD1602                                                               05/30/2021 22:52:47 PAGE 1   


C51 COMPILER V9.01, COMPILATION OF MODULE LCD1602
OBJECT MODULE PLACED IN LCD1602.OBJ
COMPILER INVOKED BY: D:\Keil\C51\BIN\C51.EXE LCD1602.c BROWSE DEBUG OBJECTEXTEND

line level    source

   1          #include <REGX52.H>
   2          
   3          sbit RS=P3^0;
   4          sbit RW=P3^1;
   5          sbit E=P3^2;
   6          
   7          unsigned int Sec=0,Min=52,Hour=22;
   8          unsigned int NUM;
   9          
  10          
  11          void delay(int ms)              //@12.000MHz
  12          {
  13   1              while(ms)
  14   1              {
  15   2                      unsigned char i, j;
  16   2                      i = 2;
  17   2                      j = 239;
  18   2                      do
  19   2                              {
  20   3                                      while (--j);
  21   3                              } 
  22   2                              while (--i);
  23   2                      ms--;
  24   2              }       
  25   1      }
  26          
  27          
  28          
  29          
  30          //写指令函数
  31          void WriteCommand(unsigned char Command)
  32          {
  33   1              RS=0;
  34   1              RW=0;
  35   1              E=0;
  36   1              P2=Command;
  37   1              delay(5);         //延时一下，不然显示不出来
  38   1              E=1;
  39   1              E=0;
  40   1      }
  41          
  42          //写数据函数
  43          void WriteData(unsigned char Data)
  44          {
  45   1              RS=1;
  46   1              RW=0;
  47   1              E=0;
  48   1              P2=Data;
  49   1              delay(5);   //延时一下，不然显示不出来
  50   1              E=1;
  51   1              E=0;
  52   1      }
  53          
  54          //初始化
  55          void LCD_Init()
C51 COMPILER V9.01   LCD1602                                                               05/30/2021 22:52:47 PAGE 2   

  56          {
  57   1              WriteCommand(0x38);
  58   1              WriteCommand(0x0c);
  59   1              WriteCommand(0x06);
  60   1              WriteCommand(0x01);
  61   1      }
  62          
  63          //初始化定时器
  64          void Timer0Init(void)           //1毫秒@12.000MHz
  65          {
  66   1              TMOD &= 0xF0;   //设置定时器模式
  67   1              TMOD |= 0x01;   //设置定时器模式
  68   1              TL0 = 0x18;             //设置定时初始值
  69   1              TH0 = 0xFC;             //设置定时初始值
  70   1              TR0 = 1;                //定时器0开始计时
  71   1              EA=1;
  72   1              ET0=1;
  73   1      }
  74          
  75          
  76          
  77          
  78          //写数据，显示
  79          void Display()
  80          {
  81   1              WriteCommand(0x80);                //第一行
  82   1              WriteData(Hour/10+'0');
  83   1              WriteData(Hour%10+'0');          //数字加上‘0’就能变成十六进制数据
  84   1          WriteData(':');
  85   1              WriteData(Min/10+'0');
  86   1              WriteData(Min%10+'0');
  87   1          WriteData(':');
  88   1              WriteData(Sec/10+'0');
  89   1              WriteData(Sec%10+'0');
  90   1      }
  91          
  92          
  93          
  94          void Timer0() interrupt 1
  95          {
  96   1      
  97   1              TL0 = 0x18;             //设置定时初始值
  98   1              TH0 = 0xFC;             //设置定时初始值
  99   1              NUM++;
 100   1      
 101   1              if(NUM>=1000)
 102   1              {                  
 103   2                      NUM=0;
 104   2                      Sec++;
 105   2              }
 106   1      
 107   1              if(Sec>=60)
 108   1              {
 109   2                      Sec=0;
 110   2                      Min++;
 111   2              }
 112   1              if(Min>=60)
 113   1              {
 114   2                      Min=0;
 115   2                      Hour++;
 116   2              }
 117   1              if(Hour>=24)
C51 COMPILER V9.01   LCD1602                                                               05/30/2021 22:52:47 PAGE 3   

 118   1              {
 119   2                      Hour=0;
 120   2              }
 121   1                                      
 122   1                      
 123   1              
 124   1      }
 125          
 126          
 127          
 128          
 129          
 130          
 131          
 132          
 133          
 134          
 135          
 136          
 137          
 138          
 139          
 140          
 141          


MODULE INFORMATION:   STATIC OVERLAYABLE
   CODE SIZE        =    307    ----
   CONSTANT SIZE    =   ----    ----
   XDATA SIZE       =   ----    ----
   PDATA SIZE       =   ----    ----
   DATA SIZE        =      8       2
   IDATA SIZE       =   ----    ----
   BIT SIZE         =   ----    ----
END OF MODULE INFORMATION.


C51 COMPILATION COMPLETE.  0 WARNING(S),  0 ERROR(S)
