C51 COMPILER V9.01   BJDJ_1                                                                05/28/2021 15:15:02 PAGE 1   


C51 COMPILER V9.01, COMPILATION OF MODULE BJDJ_1
OBJECT MODULE PLACED IN bjdj_1.OBJ
COMPILER INVOKED BY: D:\Keil\C51\BIN\C51.EXE bjdj_1.c BROWSE DEBUG OBJECTEXTEND

line level    source

   1          #include<reg51.h>
   2          #define uchar unsigned char
   3          #define uint unsigned int
   4          #define OUT P2
   5          
   6          sbit pos = P1^0;                                                //定义检测正转位P1^0
   7          sbit neg = P1^1;                                                //反转     
   8                  
   9          //void delay(uint);
  10          
  11          uint TIME;
  12          
  13          uchar code turn[] = {0x02,0x06,0x04,0x0c,0x08,0x09,0x01,0x03};                  //步进电机脉冲组
  14          
  15          void main()
  16          {
  17   1        uchar a;
  18   1              
  19   1        OUT = 0x03;
  20   1      
  21   1              TMOD = 0x01;          //定时器T0为方式1
  22   1        TH0 = 0x3c;                 //设置定时器初值15536（D）
  23   1        TL0 = 0xb0;             
  24   1        EA = 1;                               //开总中断                                                                                                                        
  25   1        ET0 = 1;                      //开定时器TO中断
  26   1        TR0 = 1;                      //启动定时器T0
  27   1      
  28   1      /*
  29   1              定时器时间=（65536-15536）*12/12=5000us=5ms    
  30   1              电机转速计算n=60000/(10*8)=750 r/min
  31   1      */
  32   1              
  33   1              while(1)
  34   1              {
  35   2                      if (pos&&neg) TIME=0;                   
  36   2                      if (!pos)               //如果正转按键按下
  37   2                      {
  38   3                              if (TIME==2)
  39   3                              {
  40   4                                                              
  41   4                                      a = a<8?a+1:0;
  42   4                                      OUT = turn[a];
  43   4                                      TIME = 0;
  44   4                              }
  45   3                      }
  46   2                                      
  47   2                      if (!neg)                                                               //反转按键按下
  48   2                      {
  49   3                              if (TIME==2)
  50   3                              {
  51   4                                                              
  52   4                                      a = a>0?a-1:7;
  53   4                                      OUT = turn[a];
  54   4                                      TIME = 0;
  55   4                              }
C51 COMPILER V9.01   BJDJ_1                                                                05/28/2021 15:15:02 PAGE 2   

  56   3                                      
  57   3                      }
  58   2                              
  59   2      /*              a = a<8?a+1:0;
  60   2                        OUT = turn[a];
  61   2                  delay(20);
  62   2      */                      
  63   2         }                                    
  64   1      }
  65          
  66          /*
  67          void delay(uint j)
  68          {
  69                  uchar i;
  70                  for(;j>0;j--)
  71                  {
  72                          i=250;
  73                          while(--i);
  74                          i=249;
  75                          while(--i);
  76                  }  
  77          }
  78          */
  79          
  80          void timer()interrupt 1  //T0中断程序
  81          {
  82   1         TH0=0x3c;                             //重新赋值--循环一次时间为5ms
  83   1         TL0=0xb0;
  84   1         TIME++;                                       //循环次数加一
  85   1      }
  86          


MODULE INFORMATION:   STATIC OVERLAYABLE
   CODE SIZE        =    126    ----
   CONSTANT SIZE    =      8    ----
   XDATA SIZE       =   ----    ----
   PDATA SIZE       =   ----    ----
   DATA SIZE        =      2    ----
   IDATA SIZE       =   ----    ----
   BIT SIZE         =   ----    ----
END OF MODULE INFORMATION.


C51 COMPILATION COMPLETE.  0 WARNING(S),  0 ERROR(S)
