C51 COMPILER V9.01   MAIN                                                                  05/31/2021 17:31:09 PAGE 1   


C51 COMPILER V9.01, COMPILATION OF MODULE MAIN
OBJECT MODULE PLACED IN main.OBJ
COMPILER INVOKED BY: D:\Keil\C51\BIN\C51.EXE main.c BROWSE DEBUG OBJECTEXTEND

line level    source

   1          #include <REGX52.H>
   2          #include "delay.H" 
   3          void Sin();
   4          void PWM();
   5          void Trian();
   6          void key();
   7          
   8          sbit key0=P1^0;
   9          sbit key1=P1^1;
  10          
  11          unsigned int value=100;
  12          unsigned char flag;
  13          unsigned char code sin[256]={0x80,0x83,0x86,0x89,0x8d,0x90,0x93,0x96,0x99,0x9c,0x9f,0xa2,0xa5,0xa8,0xab,0x
             -ae,0xb1,0xb4,0xb7,0xba,0xbc,0xbf,0xc2,0xc5,0xc7,0xca,0xcc,0xcf,0xd1,0xd4,0xd6,0xd8,0xda,0xdd,0xdf,0xe1,0xe3,0xe5,0xe7,0x
             -e9,0xea,0xec,0xee,0xef,0xf1,0xf2,0xf4,0xf5,0xf6,0xf7,0xf8,0xf9,0xfa,0xfb,0xfc,0xfd,0xfd,0xfe,0xff,0xff,0xff,0xff,0xff,0x
             -ff,0xff,0xff,0xff,0xff,0xff,0xff,0xfe,0xfd,0xfd,0xfc,0xfb,0xfa,0xf9,0xf8,0xf7,0xf6,0xf5,0xf4,0xf2,0xf1,0xef,0xee,0xec,0x
             -ea,0xe9,0xe7,0xe5,0xe3,0xe1,0xde,0xdd,0xda,0xd8,0xd6,0xd4,0xd1,0xcf,0xcc,0xca,0xc7,0xc5,0xc2,0xbf,0xbc,0xba,0xb7,0xb4,0x
             -b1,0xae,0xab,0xa8,0xa5,0xa2,0x9f,0x9c,0x99,0x96,0x93,0x90,0x8d,0x89,0x86,0x83,0x80,0x80,0x7c,0x79,0x76,0x72,0x6f,0x6c,0x
             -69,0x66,0x63,0x60,0x5d,0x5a,0x57,0x55,0x51,0x4e,0x4c,0x48,0x45,0x43,0x40,0x3d,0x3a,0x38,0x35,0x33,0x30,0x2e,0x2b,0x29,0x
             -27,0x25,0x22,0x20,0x1e,0x1c,0x1a,0x18,0x16,0x15,0x13,0x11,0x10,0x0e,0x0d,0x0b,0x0a,0x09,0x08,0x07,0x06,0x05,0x04,0x03,0x
             -02,0x02,0x01,0x00,0x00,0x00,0x00,0x00,0x00,0x00,0x00,0x00,0x00,0x00,0x00,0x01,0x02,0x02,0x03,0x04,0x05,0x06,0x07,0x08,0x
             -09,0x0a,0x0b,0x0d,0x0e,0x10,0x11,0x13,0x15,0x16,0x18,0x1a,0x1c,0x1e,0x20,0x22,0x25,0x27,0x29,0x2b,0x2e,0x30,0x33,0x35,0x
             -38,0x3a,0x3d,0x40,0x43,0x45,0x48,0x4c,0x4e,0x51,0x55,0x57,0x5a,0x5d,0x60,0x63,0x66,0x69,0x6c,0x6f,0x72,0x76,0x79,0x7c,0x
             -80};  //ÕýÏÒ±í
  14          
  15          
  16          //PWM²¨
  17          void PWM()
  18          {
  19   1              P2=0;
  20   1              delay(100);
  21   1              P2=255;
  22   1              delay(value);   
  23   1      }
  24          
  25          //¾â³Ý²¨
  26          void Trian()
  27          {
  28   1              signed int i=0;
  29   1              for(i=0;i<255;i++)
  30   1              {
  31   2                      P2=i;
  32   2              }
  33   1      
  34   1      
  35   1              for(i=255;i>0;i--)
  36   1              {
  37   2                      P2=i;
  38   2              }
  39   1      }
  40          
  41          //ÕýÏÒ²¨
  42          void Sin_1()
  43          {
  44   1              unsigned int i=0;
C51 COMPILER V9.01   MAIN                                                                  05/31/2021 17:31:09 PAGE 2   

  45   1              for(i=0;i<255;i++)
  46   1              {
  47   2                      P2=sin[i];
  48   2                      delay(1);
  49   2              }
  50   1      }
  51          
  52          
  53          
  54          
  55          void key()
  56          {
  57   1              if(key0==0 && flag==0)
  58   1              {
  59   2                      flag=1;         
  60   2              }
  61   1              if(flag==1 && key0==1)
  62   1              {
  63   2                      value+=10;
  64   2                      flag=1;
  65   2              }
  66   1      
  67   1      
  68   1      
  69   1              if(key1==0 && flag==0)
  70   1              {
  71   2                      flag=1;         
  72   2              }
  73   1              if(flag==1 && key1==1)
  74   1              {
  75   2                      value-=10;
  76   2                      flag=1;
  77   2              }       
  78   1              
  79   1      }
  80          
  81          
  82          
  83          
  84          
  85          void main()
  86          {
  87   1              while(1)
  88   1              {
  89   2      //              PWM();
  90   2      //              Trian();  //¾â³Ý²¨
  91   2      //              key();
  92   2                      Sin_1();        
  93   2              }
  94   1      }


MODULE INFORMATION:   STATIC OVERLAYABLE
   CODE SIZE        =    163    ----
   CONSTANT SIZE    =    256    ----
   XDATA SIZE       =   ----    ----
   PDATA SIZE       =   ----    ----
   DATA SIZE        =      3       2
   IDATA SIZE       =   ----    ----
   BIT SIZE         =   ----    ----
END OF MODULE INFORMATION.


C51 COMPILATION COMPLETE.  0 WARNING(S),  0 ERROR(S)
