C51 COMPILER V9.01   MAIN                                                                  05/28/2021 17:05:20 PAGE 1   


C51 COMPILER V9.01, COMPILATION OF MODULE MAIN
OBJECT MODULE PLACED IN main.OBJ
COMPILER INVOKED BY: D:\Keil\C51\BIN\C51.EXE main.c BROWSE DEBUG OBJECTEXTEND

line level    source

   1          #include <REGX52.H>
   2          #include "delaytime10us.h"
   3          #include "motorrun.h"
   4          
   5          
   6          void main()
   7          {
   8   1              while(1)
   9   1              {
  10   2                      MotorRun(4096,1,100);   //      nangle=4096为一圈；     drct=0为逆时针转动，drct=1为顺时针转动；  speed转速75`400；
  11   2                      delay(50000);           //停止  延时500ms
  12   2              }
  13   1      }
  14          


MODULE INFORMATION:   STATIC OVERLAYABLE
   CODE SIZE        =     24    ----
   CONSTANT SIZE    =   ----    ----
   XDATA SIZE       =   ----    ----
   PDATA SIZE       =   ----    ----
   DATA SIZE        =   ----    ----
   IDATA SIZE       =   ----    ----
   BIT SIZE         =   ----    ----
END OF MODULE INFORMATION.


C51 COMPILATION COMPLETE.  0 WARNING(S),  0 ERROR(S)
