C51 COMPILER V9.01   MOTOR                                                                 05/29/2021 20:37:26 PAGE 1   


C51 COMPILER V9.01, COMPILATION OF MODULE MOTOR
OBJECT MODULE PLACED IN motor.OBJ
COMPILER INVOKED BY: D:\Keil\C51\BIN\C51.EXE motor.c BROWSE DEBUG OBJECTEXTEND

line level    source

   1          #include <REGX52.H>
   2          #include "delay.h"
   3          
   4          #define GPIO_MOTOR P2
   5          
   6          
   7          unsigned char code Clockwise[8]={0x01,0x03,0x02,0x06,0x04,0x0c,0x08,0x09}; //顺时针A-AB-B-BC-C-CD-D-DA
   8          unsigned char code Anticlockwise[8]={0x09,0x08,0x0c,0x04,0x06,0x02,0x03,0x01};  //逆时针转动顺序
   9          
  10          //逆时针转动8拍
  11          void  Motor()  
  12          { 
  13   1              unsigned char i;
  14   1              for(i=0;i<8;i++)
  15   1              { 
  16   2                      GPIO_MOTOR&=0xf0;  //低四位清零
  17   2                      GPIO_MOTOR|=Anticlockwise[i];  //置位低四位的相应位
  18   2                      Delay(2);       //改变参数可以调节转速  
  19   2                      //如果要使步进电机停止转动，则使用GPIO_MOTOR&=0xf0; 
  20   2              }                         
  21   1      }
  22          
  23          
  24          
  25          //逆时针转动180°
  26          void  Anticlockwise180() 
  27          { 
  28   1              unsigned char i,j;
  29   1              for(j=0;j<79;j++)  //79这个数字与电机参数有关，需要在仿真实验中不断调整从而确定
  30   1              {
  31   2                      for(i=0;i<8;i++)
  32   2                      { 
  33   3                              GPIO_MOTOR&=0xf0;  //低四位清零
  34   3                              GPIO_MOTOR|=Anticlockwise[i];  //置位低四位的相应位
  35   3                              Delay(3);       //调节转速      
  36   3                      }                       
  37   2        }  
  38   1              GPIO_MOTOR&=0xf0;  //低四位清零,停止转动
  39   1      }
  40          
  41          
  42          //顺时针转动180°
  43          void Clockwise180()  
  44          {
  45   1              unsigned char i,j;
  46   1              for(j=0;j<79;j++)  //79这个数字与电机参数有关，需要在仿真实验中不断调整从而确定
  47   1              {
  48   2                      for(i=0;i<8;i++)
  49   2                      { 
  50   3                              GPIO_MOTOR&=0xf0;  //低四位清零
  51   3                              GPIO_MOTOR|=Clockwise[i];  //置位低四位的相应位
  52   3                              Delay(3);       //调节转速      
  53   3                      }                       
  54   2        }  
  55   1              GPIO_MOTOR&=0xf0;  //低四位清零,停止转动
C51 COMPILER V9.01   MOTOR                                                                 05/29/2021 20:37:26 PAGE 2   

  56   1      }
  57          
  58          
  59          
  60          /*有了步距角参数，我们就可以计算出要使步进电机转动180°，所需要的拍数。
  61          每拍转动（5.625/64）°，在八拍工作方式下，一轮循环下来就转动了(5.625°/8)°，
  62          要使电机转动180°就是要进行180/((5.625°/8))=256轮的8拍循环。256恰好是无符号8位数据所能容纳的数据数（0-255
             -共256）。
  63          这也是这个电机设计的巧妙之处。*/
  64          //逆时针转动180°(适用于28BYJ48)
  65          void  Anticlockwise_28BYJ48_180() 
  66          { 
  67   1              unsigned char i,j;
  68   1              for(j=0;j<255;j++)  //改成255
  69   1              {
  70   2                      for(i=0;i<8;i++)
  71   2                      { 
  72   3                              GPIO_MOTOR&=0xf0;  //低四位清零
  73   3                              GPIO_MOTOR|=Anticlockwise[i];  //置位低四位的相应位
  74   3                              Delay(3);       //调节转速      
  75   3                      }                       
  76   2          }  
  77   1              GPIO_MOTOR&=0xf0;  //低四位清零,停止转动
  78   1      }
  79          
  80          


MODULE INFORMATION:   STATIC OVERLAYABLE
   CODE SIZE        =    169    ----
   CONSTANT SIZE    =     16    ----
   XDATA SIZE       =   ----    ----
   PDATA SIZE       =   ----    ----
   DATA SIZE        =   ----       7
   IDATA SIZE       =   ----    ----
   BIT SIZE         =   ----    ----
END OF MODULE INFORMATION.


C51 COMPILATION COMPLETE.  0 WARNING(S),  0 ERROR(S)
