C51 COMPILER V9.01   MAIN                                                                  05/28/2021 17:23:35 PAGE 1   


C51 COMPILER V9.01, COMPILATION OF MODULE MAIN
OBJECT MODULE PLACED IN main.OBJ
COMPILER INVOKED BY: D:\Keil\C51\BIN\C51.EXE main.c BROWSE DEBUG OBJECTEXTEND

line level    source

   1          #include <regx52.h>
   2          #define uchar unsigned char
   3          #define uint unsigned int
   4          
   5          
   6          uchar speed=0;
   7          uchar code fan[] = {0x09,0x08,0x0c,0x04,0x06,0x02,0x03,0x01};
   8          uchar code zheng[] = {0x01,0x03,0x02,0x06,0x04,0x0c,0x08,0x09};
   9          
  10          
  11          
  12          void delay1ms(uint t){
  13   1              char i;
  14   1              while(t--){
  15   2                      for(i=0;i<113;i++);
  16   2              }
  17   1      }
  18          
  19          
  20          
  21          
  22          void main()
  23          {
  24   1              uchar i;
  25   1      
  26   1              while(1)
  27   1              {
  28   2                      if (P1_0==0)
  29   2                      {
  30   3                              for(i=0;i<8;i++)
  31   3                              {
  32   4                                      P2 = zheng[i];
  33   4                                      delay1ms(speed);        
  34   4                              }
  35   3                      }
  36   2              }
  37   1      }


MODULE INFORMATION:   STATIC OVERLAYABLE
   CODE SIZE        =     52    ----
   CONSTANT SIZE    =     16    ----
   XDATA SIZE       =   ----    ----
   PDATA SIZE       =   ----    ----
   DATA SIZE        =      1    ----
   IDATA SIZE       =   ----    ----
   BIT SIZE         =   ----    ----
END OF MODULE INFORMATION.


C51 COMPILATION COMPLETE.  0 WARNING(S),  0 ERROR(S)
