C51 COMPILER V9.01   UART                                                                  06/02/2021 18:58:29 PAGE 1   


C51 COMPILER V9.01, COMPILATION OF MODULE UART
OBJECT MODULE PLACED IN UART.OBJ
COMPILER INVOKED BY: D:\Keil\C51\BIN\C51.EXE UART.c BROWSE DEBUG OBJECTEXTEND

line level    source

   1          #include <REGX52.H>
   2          
   3          //发送不需要中断，接收时要接收来自单片机的信息就需要一个中断，因为不知道什么时候发过来，所以用中断来处理
   4          //串口初始化
   5          void UART_Init()    //异步收发传输器初始化
   6          {
   7   1              PCON |= 0x80;           //使能波特率倍速位SMOD
   8   1              SCON = 0x50;            //8位数据,可变波特率
   9   1              TMOD &= 0x0F;           //设置定时器模式
  10   1              TMOD |= 0x20;           //设置定时器模式
  11   1              TL1 = 0xFA;             //设置定时初始值
  12   1              TH1 = 0xFA;             //设置定时重载值
  13   1              ET1 = 0;                //禁止定时器%d中断
  14   1              TR1 = 1;                //定时器1开始计时
  15   1              EA = 1;
  16   1              ES = 1;         //串口中断打开
  17   1      }
  18          
  19          
  20          ////主机向从机发生数据，放在SBUF中
  21          //void UART_SendByte(unsigned char Byte)
  22          //{
  23          //      SBUF=Byte;         //把发送的字节复制给SBUF（接收缓冲寄存器）
  24          //      while(TI==0);            //检测是否发送完毕（当发送完毕TI会自动置1）
  25          //      TI=0;              //响应中断后必须手动置0
  26          //}
  27          
  28          
  29          /*
  30          //主机接受中断，串口中断函数的模板
  31          void UART_Routine() interrupt 4
  32          {
  33                   if(RI==1)    //RI为接收中断标志位（当接收完毕会自动置1）
  34                   {      
  35                                                  
  36                          
  37                          RI=0;     //响应中断后必须手动置0
  38                   }
  39          }
  40          */


MODULE INFORMATION:   STATIC OVERLAYABLE
   CODE SIZE        =     27    ----
   CONSTANT SIZE    =   ----    ----
   XDATA SIZE       =   ----    ----
   PDATA SIZE       =   ----    ----
   DATA SIZE        =   ----    ----
   IDATA SIZE       =   ----    ----
   BIT SIZE         =   ----    ----
END OF MODULE INFORMATION.


C51 COMPILATION COMPLETE.  0 WARNING(S),  0 ERROR(S)
