C51 COMPILER V9.01   MAIN                                                                  05/30/2021 14:05:02 PAGE 1   


C51 COMPILER V9.01, COMPILATION OF MODULE MAIN
OBJECT MODULE PLACED IN main.OBJ
COMPILER INVOKED BY: D:\Keil\C51\BIN\C51.EXE main.c BROWSE DEBUG OBJECTEXTEND

line level    source

   1          //计数器只能链接P3_4和P3_5
   2          
   3          #include <REGX52.H>
   4          
   5          
   6          unsigned char shumaguan[]={0x3F,0x06,0x5B,0x4F,0x66,0x6D,0x7D,0x07,0x7F,0x6F};
   7          unsigned int count;
   8          
   9          void Init_counter()             //5000微秒@12.000MHz
  10          {
  11   1              TMOD &= 0xF0;   //设置计数器模式
  12   1              TMOD |= 0x06;   //设置计数器模式   8位自动重载的计数器
  13   1              TL0 = 256-3;    //设置计数器始值   计数几次就减几
  14   1              TH0 = 256-3;    //设置计数器始值
  15   1              TF0 = 0;                //清除TF0标志
  16   1              TR0 = 1;                //计数器0开始计时
  17   1              EA =  1;
  18   1              ET0 = 1;
  19   1      }
  20          
  21          
  22          
  23          
  24          void main()
  25          {
  26   1              Init_counter();
  27   1              P2=0x3F;
  28   1              while(1)
  29   1              {
  30   2                      P2=shumaguan[count];
  31   2                      if(count>=10) count=0;
  32   2              }
  33   1      }
  34          
  35          
  36          void Counter0() interrupt 1
  37          {
  38   1              count++;
  39   1      }
  40          
  41          
  42          
  43          
  44          
  45          


MODULE INFORMATION:   STATIC OVERLAYABLE
   CODE SIZE        =     66    ----
   CONSTANT SIZE    =   ----    ----
   XDATA SIZE       =   ----    ----
   PDATA SIZE       =   ----    ----
   DATA SIZE        =     12    ----
   IDATA SIZE       =   ----    ----
   BIT SIZE         =   ----    ----
C51 COMPILER V9.01   MAIN                                                                  05/30/2021 14:05:02 PAGE 2   

END OF MODULE INFORMATION.


C51 COMPILATION COMPLETE.  0 WARNING(S),  0 ERROR(S)
