C51 COMPILER V9.01   MAIN                                                                  05/30/2021 18:15:07 PAGE 1   


C51 COMPILER V9.01, COMPILATION OF MODULE MAIN
OBJECT MODULE PLACED IN main.OBJ
COMPILER INVOKED BY: D:\Keil\C51\BIN\C51.EXE main.c BROWSE DEBUG OBJECTEXTEND

line level    source

   1          #include <REGX52.H>
   2          void UART_SendByte(unsigned char Byte);
   3          unsigned char Temp;
   4          
   5          void UART_Init()
   6          {
   7   1              SCON = 0x50;    //8位数据,可变波特率
   8   1              TMOD &= 0x0F;   //设置定时器模式
   9   1              TMOD |= 0x20;   //设置定时器模式
  10   1              TL1 = 0xC7;             //设置定时初始值
  11   1              TH1 = 0xFE;             //设置定时初始值
  12   1              ET1 = 0;                //禁止定时器1中断
  13   1              TR1 = 1;                //定时器1开始计时
  14   1              ES=1;
  15   1              EA=1;
  16   1      }
  17          
  18                  
  19          
  20          
  21          void main()
  22          {
  23   1              UART_Init();
  24   1              while(1)
  25   1              {
  26   2                      
  27   2              }
  28   1      }
  29          
  30          
  31          
  32          
  33          void UART_Routine() interrupt 4
  34          {
  35   1               if(RI==1)    //RI为接收中断标志位（当接收完毕会自动置1）
  36   1               {              
  37   2                      UART_SendByte(SBUF);    //从机收到后再发到SBUF里显示
  38   2                      P2_0=~P2_0;             
  39   2                      RI=0;     //响应中断后必须手动置0
  40   2               }
  41   1      }
  42          
  43          
  44          
  45          void UART_SendByte(unsigned char Byte)
  46          {
  47   1              SBUF=Byte;
  48   1              while(TI==0);
  49   1              TI=0;
  50   1      }
  51          
  52          
  53          


C51 COMPILER V9.01   MAIN                                                                  05/30/2021 18:15:07 PAGE 2   

MODULE INFORMATION:   STATIC OVERLAYABLE
   CODE SIZE        =    105    ----
   CONSTANT SIZE    =   ----    ----
   XDATA SIZE       =   ----    ----
   PDATA SIZE       =   ----    ----
   DATA SIZE        =      1    ----
   IDATA SIZE       =   ----    ----
   BIT SIZE         =   ----    ----
END OF MODULE INFORMATION.


C51 COMPILATION COMPLETE.  0 WARNING(S),  0 ERROR(S)
