C51 COMPILER V9.01   MAIN                                                                  05/28/2021 20:49:06 PAGE 1   


C51 COMPILER V9.01, COMPILATION OF MODULE MAIN
OBJECT MODULE PLACED IN main.OBJ
COMPILER INVOKED BY: D:\Keil\C51\BIN\C51.EXE main.c BROWSE DEBUG OBJECTEXTEND

line level    source

   1          #include <REGX52.H>
   2          #include "delay.H"
   3          
   4          unsigned char LED[]={0x01,0x02,0x04,0x08,0x10,0x020,0x040,0x80};
   5           
   6          void main()
   7           {
   8   1              unsigned char i,j;
   9   1              while(1)
  10   1              {
  11   2                      for(i=0;i<8;i++)
  12   2                      {
  13   3                              P2=LED[j];
  14   3                              j++;
  15   3                              if(j==8) j=0;
  16   3                              delay(100);
  17   3                      }
  18   2                       
  19   2              }
  20   1      }


MODULE INFORMATION:   STATIC OVERLAYABLE
   CODE SIZE        =     39    ----
   CONSTANT SIZE    =   ----    ----
   XDATA SIZE       =   ----    ----
   PDATA SIZE       =   ----    ----
   DATA SIZE        =      8       2
   IDATA SIZE       =   ----    ----
   BIT SIZE         =   ----    ----
END OF MODULE INFORMATION.


C51 COMPILATION COMPLETE.  0 WARNING(S),  0 ERROR(S)
