C51 COMPILER V9.01   MAIN                                                                  05/28/2021 17:01:27 PAGE 1   


C51 COMPILER V9.01, COMPILATION OF MODULE MAIN
OBJECT MODULE PLACED IN main.OBJ
COMPILER INVOKED BY: D:\Keil\C51\BIN\C51.EXE main.c BROWSE DEBUG OBJECTEXTEND

line level    source

   1          
   2          #include <regx52.h> 
   3          unsigned char code table1[]={0x01,0x03,0x02,0x06,0x04,0x0c,0x08,0x09}; /*Õý×ª±í*/ 
   4          
   5          void delay(int ms)              //@12.000MHz
   6          {
   7   1              while(ms)
   8   1              {
   9   2                      unsigned char i, j;
  10   2                      i = 2;
  11   2                      j = 239;
  12   2                      do
  13   2                              {
  14   3                                      while (--j);
  15   3                              } 
  16   2                              while (--i);
  17   2                      ms--;
  18   2              }       
  19   1      }
  20          
  21          
  22          void main() 
  23          {       
  24   1              unsigned int j;
  25   1              P2=0;
  26   1              while(1)
  27   1              {
  28   2                      for(j=1;j<8;j++)
  29   2                      {
  30   3                              
  31   3                              P2=table1[j];
  32   3                              delay(1000);
  33   3                      }
  34   2              } 
  35   1      }


MODULE INFORMATION:   STATIC OVERLAYABLE
   CODE SIZE        =     58    ----
   CONSTANT SIZE    =      8    ----
   XDATA SIZE       =   ----    ----
   PDATA SIZE       =   ----    ----
   DATA SIZE        =   ----       2
   IDATA SIZE       =   ----    ----
   BIT SIZE         =   ----    ----
END OF MODULE INFORMATION.


C51 COMPILATION COMPLETE.  0 WARNING(S),  0 ERROR(S)
