C51 COMPILER V9.01   L293D_MOTOR                                                           06/01/2021 12:57:41 PAGE 1   


C51 COMPILER V9.01, COMPILATION OF MODULE L293D_MOTOR
OBJECT MODULE PLACED IN L293D_Motor.OBJ
COMPILER INVOKED BY: D:\Keil\C51\BIN\C51.EXE L293D_Motor.c BROWSE DEBUG OBJECTEXTEND

line level    source

   1          #include <REGX52.H>
   2          #include "delay.H" 
   3          
   4          sbit IN1=P2^0;
   5          sbit IN2=P2^1;
   6          sbit EN1=P2^2;
   7          
   8          
   9          unsigned char Compare,Counter;
  10          
  11          //电机正转
  12          void Positive_Motor()
  13          {
  14   1              IN1=1;
  15   1              IN2=0;
  16   1              EN1=1;  
  17   1      }
  18          
  19          
  20          //电机反转
  21          void Negative_Motor()
  22          {
  23   1              IN1=0;
  24   1              IN2=1;
  25   1              EN1=1;  
  26   1      }
  27          
  28          
  29          
  30          //delay的PWM直流电机调速
  31          void Delay_Motor()
  32          {
  33   1              IN1=0;
  34   1              IN2=1;
  35   1              delay(25);
  36   1              IN2=0;
  37   1              delay(75);
  38   1              EN1=1;  
  39   1      }
  40          
  41          
  42          
  43          void Timer0Init(void)   //1毫秒@12.000MHz
  44          {
  45   1              TMOD &= 0xF0;   //设置定时器模式
  46   1              TMOD |= 0x01;   //设置定时器模式
  47   1              TL0 = 0x18;             //设置定时初始值
  48   1              TH0 = 0xFC;             //设置定时初始值
  49   1              TF0 = 0;                //清除TF0标志
  50   1              TR0 = 1;                //定时器0开始计时
  51   1              EA=1;
  52   1              ET0=1;
  53   1              IN1=0;
  54   1      }
  55          
C51 COMPILER V9.01   L293D_MOTOR                                                           06/01/2021 12:57:41 PAGE 2   

  56          
  57          
  58          //定时器的PWM直流电机调速
  59          void PWM_Motor(unsigned char i)
  60          {
  61   1               Compare=i;
  62   1      }
  63          
  64          
  65          void PWM_Timer0() interrupt 1
  66          {
  67   1              TL0 = 0x18;             //设置定时初始值
  68   1              TH0 = 0xFC;             //设置定时初始值
  69   1              Counter++;
  70   1              if(Counter>=100)
  71   1                      Counter=0;
  72   1              if(Counter<Compare)
  73   1              {
  74   2                      IN1=0;
  75   2              }
  76   1               else
  77   1              {
  78   2                      IN1=1;
  79   2              }
  80   1      }
  81          
  82          
  83          
  84          
  85          
  86          


MODULE INFORMATION:   STATIC OVERLAYABLE
   CODE SIZE        =    103    ----
   CONSTANT SIZE    =   ----    ----
   XDATA SIZE       =   ----    ----
   PDATA SIZE       =   ----    ----
   DATA SIZE        =      2    ----
   IDATA SIZE       =   ----    ----
   BIT SIZE         =   ----    ----
END OF MODULE INFORMATION.


C51 COMPILATION COMPLETE.  0 WARNING(S),  0 ERROR(S)
