C51 COMPILER V9.01   MAIN                                                                  06/02/2021 17:17:59 PAGE 1   


C51 COMPILER V9.01, COMPILATION OF MODULE MAIN
OBJECT MODULE PLACED IN main.OBJ
COMPILER INVOKED BY: D:\Keil\C51\BIN\C51.EXE main.c BROWSE DEBUG OBJECTEXTEND

line level    source

   1          #include "regx52.h"
   2          #include "delay.h"
   3          #include "motor.h"
   4          
   5          //主函数
   6          void main(void) 
   7          { 
   8   1      
   9   1              while(1)
  10   1              {
  11   2                      if(P1_0==0)                       //光线亮度充足就输出 0
  12   2                      {
  13   3                              Anticlockwise_28BYJ48_180();            
  14   3                      }
  15   2                                      
  16   2                      else if(P1_0==1)         //光线亮度达不到就输出 1
  17   2                      {
  18   3                              clockwise_28BYJ48_180();
  19   3                              
  20   3                      }
  21   2              
  22   2                                              
  23   2              }
  24   1      }


MODULE INFORMATION:   STATIC OVERLAYABLE
   CODE SIZE        =     16    ----
   CONSTANT SIZE    =   ----    ----
   XDATA SIZE       =   ----    ----
   PDATA SIZE       =   ----    ----
   DATA SIZE        =   ----    ----
   IDATA SIZE       =   ----    ----
   BIT SIZE         =   ----    ----
END OF MODULE INFORMATION.


C51 COMPILATION COMPLETE.  0 WARNING(S),  0 ERROR(S)
