C51 COMPILER V9.01   MAIN                                                                  06/01/2021 17:38:10 PAGE 1   


C51 COMPILER V9.01, COMPILATION OF MODULE MAIN
OBJECT MODULE PLACED IN main.OBJ
COMPILER INVOKED BY: D:\Keil\C51\BIN\C51.EXE main.c BROWSE DEBUG OBJECTEXTEND

line level    source

   1          #include <REGX52.H>
   2          #include "delay.H" 
   3          
   4          unsigned char code Clockwise[8]={0x04,0x0c,0x08,0x09,0x01,0x03,0x02,0x06}; //逆时针转动顺序
   5          unsigned char code Anticlockwise[8]={0x06,0x02,0x03,0x01,0x09,0x08,0x0c,0x04};  //  顺时针A-AB-B-BC-C-CD-D
             --DA
   6          
   7          void Step_Motor()
   8          {
   9   1      
  10   1              int i=0;
  11   1              for(i=0;i<8;i++)
  12   1              {
  13   2                      P2=Anticlockwise[i];
  14   2                      delay(500);
  15   2              }       
  16   1      }
  17          
  18          void main()
  19          {
  20   1      
  21   1              while(1)
  22   1              {
  23   2                       Step_Motor();
  24   2              }
  25   1      }
  26          
  27          
  28          
  29          
  30          
  31          


MODULE INFORMATION:   STATIC OVERLAYABLE
   CODE SIZE        =     57    ----
   CONSTANT SIZE    =     16    ----
   XDATA SIZE       =   ----    ----
   PDATA SIZE       =   ----    ----
   DATA SIZE        =   ----       2
   IDATA SIZE       =   ----    ----
   BIT SIZE         =   ----    ----
END OF MODULE INFORMATION.


C51 COMPILATION COMPLETE.  0 WARNING(S),  0 ERROR(S)
