C51 COMPILER V9.01   MAIN                                                                  05/29/2021 10:49:44 PAGE 1   


C51 COMPILER V9.01, COMPILATION OF MODULE MAIN
OBJECT MODULE PLACED IN main.OBJ
COMPILER INVOKED BY: D:\Keil\C51\BIN\C51.EXE main.c BROWSE DEBUG OBJECTEXTEND

line level    source

   1          #include <REGX52.H>
   2          #include "delay.H" 
   3          
   4          unsigned char shumaguan[]={0x3F,0x06,0x5B,0x4F,0x66,0x6D,0x7D,0x07,0x7F,0x6F};
   5          
   6          
   7          void main()
   8          {
   9   1              unsigned char i=1;
  10   1              P2=0x3F;
  11   1              while(1)
  12   1              {
  13   2                      if(P0_0==0)
  14   2                      {
  15   3                              delay(20);
  16   3                              while(P0_0==0);
  17   3                              delay(20);
  18   3                              P2=shumaguan[i];
  19   3                              i++;
  20   3                              if(i>=10) i=0;
  21   3                      }
  22   2              }
  23   1      }


MODULE INFORMATION:   STATIC OVERLAYABLE
   CODE SIZE        =     48    ----
   CONSTANT SIZE    =   ----    ----
   XDATA SIZE       =   ----    ----
   PDATA SIZE       =   ----    ----
   DATA SIZE        =     10       1
   IDATA SIZE       =   ----    ----
   BIT SIZE         =   ----    ----
END OF MODULE INFORMATION.


C51 COMPILATION COMPLETE.  0 WARNING(S),  0 ERROR(S)
