C51 COMPILER V9.01   MAIN                                                                  05/29/2021 10:32:11 PAGE 1   


C51 COMPILER V9.01, COMPILATION OF MODULE MAIN
OBJECT MODULE PLACED IN main.OBJ
COMPILER INVOKED BY: D:\Keil\C51\BIN\C51.EXE main.c BROWSE DEBUG OBJECTEXTEND

line level    source

   1          #include <REGX52.H>
   2          #include "delay.H"
   3          
   4          unsigned char shumaguan[]={0x3F,0x06,0x5B,0x4F,0x66,0x6D,0x7D,0x07,0x7F,0x6F};
   5          unsigned char weishu[]={0x00,0x01,0x02,0x03,0x04,0x05,0x06,0x07};
   6          
   7          void main()
   8          {
   9   1      
  10   1              signed char i;
  11   1              while(1)
  12   1              {
  13   2                      for(i=0;i<8;i++)
  14   2                      {
  15   3                              P3=weishu[i];
  16   3                              P2=shumaguan[i];
  17   3                              delay(2);
  18   3                        }
  19   2                      }
  20   1      }


MODULE INFORMATION:   STATIC OVERLAYABLE
   CODE SIZE        =     39    ----
   CONSTANT SIZE    =   ----    ----
   XDATA SIZE       =   ----    ----
   PDATA SIZE       =   ----    ----
   DATA SIZE        =     18       1
   IDATA SIZE       =   ----    ----
   BIT SIZE         =   ----    ----
END OF MODULE INFORMATION.


C51 COMPILATION COMPLETE.  0 WARNING(S),  0 ERROR(S)
